[92m2021-04-13 16:43:46 I/Net 2504637063: Connected to server 114.221.148.59:14000[0m
[0m2021-04-13 16:43:46 V/Net 2504637063: Send: wtlogin.login[0m
[0m2021-04-13 16:43:46 V/Net 2504637063: Recv: LoginPacketResponse.Captcha.Slider[0m
[92m2021-04-13 16:43:46 I/Net 2504637063: Connected to server 114.221.148.59:14000[0m
[0m2021-04-13 16:43:46 V/Net 2504637063: Send: wtlogin.login[0m
[0m2021-04-13 16:43:46 V/Net 2504637063: Recv: LoginPacketResponse.Captcha.Slider[0m
[92m2021-04-13 16:49:41 I/Net 2504637063: Connected to server 42.81.172.81:80[0m
[0m2021-04-13 16:49:42 V/Net 2504637063: Send: wtlogin.login[0m
[0m2021-04-13 16:49:42 V/Net 2504637063: Recv: LoginPacketResponse.Captcha.Slider[0m
[92m2021-04-13 16:49:42 I/Net 2504637063: Connected to server 42.81.172.81:80[0m
[0m2021-04-13 16:49:42 V/Net 2504637063: Send: wtlogin.login[0m
[0m2021-04-13 16:49:42 V/Net 2504637063: Recv: LoginPacketResponse.Captcha.Slider[0m
[92m2021-04-13 16:50:34 I/Net 2504637063: Connected to server 114.221.148.59:14000[0m
[0m2021-04-13 16:50:35 V/Net 2504637063: Send: wtlogin.login[0m
[0m2021-04-13 16:50:35 V/Net 2504637063: Recv: LoginPacketResponse.Captcha.Slider[0m
[92m2021-04-13 16:50:35 I/Net 2504637063: Connected to server 114.221.148.59:14000[0m
[0m2021-04-13 16:50:35 V/Net 2504637063: Send: wtlogin.login[0m
[0m2021-04-13 16:50:35 V/Net 2504637063: Recv: LoginPacketResponse.Captcha.Slider[0m
[92m2021-04-13 17:13:09 I/Net 2504637063: Connected to server 42.81.169.46:8080[0m
[0m2021-04-13 17:13:09 V/Net 2504637063: Send: wtlogin.login[0m
[0m2021-04-13 17:13:09 V/Net 2504637063: Recv: LoginPacketResponse.Captcha.Slider[0m
[92m2021-04-13 17:13:09 I/Net 2504637063: Connected to server 42.81.169.46:8080[0m
[0m2021-04-13 17:13:09 V/Net 2504637063: Send: wtlogin.login[0m
[0m2021-04-13 17:13:09 V/Net 2504637063: Recv: LoginPacketResponse.Captcha.Slider[0m
[92m2021-04-13 17:18:09 I/Net 2504637063: Connected to server 42.81.172.147:443[0m
[0m2021-04-13 17:18:09 V/Net 2504637063: Send: wtlogin.login[0m
[92m2021-04-13 17:26:34 I/Net 2504637063: Connected to server 42.81.172.22:80[0m
[0m2021-04-13 17:26:35 V/Net 2504637063: Send: wtlogin.login[0m
[0m2021-04-13 17:26:35 V/Net 2504637063: Recv: LoginPacketResponse.Captcha.Slider[0m
[0m2021-04-13 17:26:47 V/Net 2504637063: Send: wtlogin.login[0m
[0m2021-04-13 17:26:47 V/Net 2504637063: Recv: LoginPacketResponse.Success[0m
[92m2021-04-13 17:26:47 I/Net 2504637063: Login successful[0m
[0m2021-04-13 17:26:48 V/Net 2504637063: Send: StatSvc.register[0m
[0m2021-04-13 17:26:48 V/Net 2504637063: Recv: Response(StatSvc.register)[0m
[0m2021-04-13 17:26:48 V/Net 2504637063: Send: StatSvc.GetDevLoginInfo[0m
[0m2021-04-13 17:26:48 V/Net 2504637063: Recv: StatSvc.GetDevLoginInfo.Response(deviceList.size=1)[0m
[92m2021-04-13 17:26:48 I/Net 2504637063: Start loading friend list...[0m
[92m2021-04-13 17:26:48 I/Net 2504637063: Start loading group list...[0m
[92m2021-04-13 17:26:48 I/Net 2504637063: Start loading stranger list...[0m
[0m2021-04-13 17:26:48 V/Net 2504637063: Send: friendlist.GetTroopListReqV2[0m
[0m2021-04-13 17:26:48 V/Net 2504637063: Send: friendlist.getFriendGroupList[0m
[0m2021-04-13 17:26:48 V/Net 2504637063: Send: OidbSvc.0x5d2_0[0m
[0m2021-04-13 17:26:49 V/Net 2504637063: Recv: network.protocol.packet.list.StrangerList$GetStrangerList$Response@28df79a[0m
[92m2021-04-13 17:26:49 I/Net 2504637063: Successfully loaded stranger list: 0 in total[0m
[0m2021-04-13 17:26:49 V/Net 2504637063: Recv: FriendList.GetFriendGroupList.Response[0m
[0m2021-04-13 17:26:49 V/Net 2504637063: Send: friendlist.GetTroopMemberListReq[0m
[0m2021-04-13 17:26:49 V/Net 2504637063: Send: friendlist.GetTroopMemberListReq[0m
[0m2021-04-13 17:26:49 V/Net 2504637063: Send: friendlist.GetTroopMemberListReq[0m
[0m2021-04-13 17:26:49 V/Net 2504637063: Send: friendlist.GetTroopMemberListReq[0m
[0m2021-04-13 17:26:49 V/Net 2504637063: Recv: FriendList.GetFriendGroupList.Response[0m
[0m2021-04-13 17:26:49 V/Net 2504637063: Loading friend list: 9/9[0m
[92m2021-04-13 17:26:49 I/Net 2504637063: Successfully loaded friend list: 9 in total[0m
[0m2021-04-13 17:26:49 V/Net 2504637063: Recv: FriendList.GetTroopMemberList.Response[0m
[0m2021-04-13 17:26:49 V/Net 2504637063: Recv: FriendList.GetTroopMemberList.Response[0m
[0m2021-04-13 17:26:49 V/Net 2504637063: Recv: FriendList.GetTroopMemberList.Response[0m
[0m2021-04-13 17:26:49 V/Net 2504637063: Recv: FriendList.GetTroopMemberList.Response[0m
[92m2021-04-13 17:26:49 I/Net 2504637063: Successfully loaded group list: 4 in total.[0m
[92m2021-04-13 17:26:49 I/Net 2504637063: Syncing friend message history...[0m
[92m2021-04-13 17:26:49 I/Net 2504637063: Awaiting ConfigPushSvc.PushReq.[0m
[0m2021-04-13 17:26:49 V/Net 2504637063: Send: MessageSvc.PbGetMsg[0m
[92m2021-04-13 17:26:49 I/Net 2504637063: Syncing friend message history: Success.[0m
[0m2021-04-13 17:26:51 V/Net 2504637063: Recv: ConfigPushSvc.PushReq.PushReqResponse.Success[0m
[0m2021-04-13 17:26:51 V/Net 2504637063: Send: ConfigPushSvc.PushResp[0m
[92m2021-04-13 17:26:51 I/Net 2504637063: ConfigPushSvc.PushReq: Success.[0m
[96m2021-04-13 17:26:51 D/Net 2504637063: Received unknown commandName: ConfigPushSvc.PushDomain[0m
[0m2021-04-13 17:26:51 V/Net 2504637063: Recv: ConfigPushSvc.PushReq.PushReqResponse.Success[0m
[0m2021-04-13 17:26:51 V/Net 2504637063: Send: ConfigPushSvc.PushResp[0m
